[debug] [2025-07-24T16:10:16.230Z] ----------------------------------------------------------------------
[debug] [2025-07-24T16:10:16.232Z] Command:       /nix/store/qds3rzxwqrkvhzjxgcb95d2qx4sd9b1l-nodejs-20.11.1/bin/node /home/user/.global_modules/bin/firebase deploy
[debug] [2025-07-24T16:10:16.233Z] CLI Version:   14.11.1
[debug] [2025-07-24T16:10:16.233Z] Platform:      linux
[debug] [2025-07-24T16:10:16.233Z] Node Version:  v20.11.1
[debug] [2025-07-24T16:10:16.233Z] Time:          Thu Jul 24 2025 16:10:16 GMT+0000 (Coordinated Universal Time)
[debug] [2025-07-24T16:10:16.233Z] ----------------------------------------------------------------------
[debug] 
[debug] [2025-07-24T16:10:16.624Z] > command requires scopes: ["email","openid","https://www.googleapis.com/auth/cloudplatformprojects.readonly","https://www.googleapis.com/auth/firebase","https://www.googleapis.com/auth/cloud-platform"]
[debug] [2025-07-24T16:10:16.625Z] > authorizing via signed-in user (shivbodhavikalp@gmail.com)
[debug] [2025-07-24T16:10:16.625Z] [iam] checking project sdhan-suite for permissions ["cloudfunctions.functions.create","cloudfunctions.functions.delete","cloudfunctions.functions.get","cloudfunctions.functions.list","cloudfunctions.functions.update","cloudfunctions.operations.get","firebase.projects.get","firebasehosting.sites.update",null]
[debug] [2025-07-24T16:10:16.626Z] No OAuth tokens found
[debug] [2025-07-24T16:10:16.627Z] No OAuth tokens found
[debug] [2025-07-24T16:10:16.627Z] > command requires scopes: ["email","openid","https://www.googleapis.com/auth/cloudplatformprojects.readonly","https://www.googleapis.com/auth/firebase","https://www.googleapis.com/auth/cloud-platform"]
[debug] [2025-07-24T16:10:16.627Z] > authorizing via signed-in user (shivbodhavikalp@gmail.com)
[debug] [2025-07-24T16:10:16.628Z] >>> [apiv2][query] POST https://cloudresourcemanager.googleapis.com/v1/projects/sdhan-suite:testIamPermissions [none]
[debug] [2025-07-24T16:10:16.628Z] >>> [apiv2][(partial)header] POST https://cloudresourcemanager.googleapis.com/v1/projects/sdhan-suite:testIamPermissions x-goog-quota-user=projects/sdhan-suite
[debug] [2025-07-24T16:10:16.629Z] >>> [apiv2][body] POST https://cloudresourcemanager.googleapis.com/v1/projects/sdhan-suite:testIamPermissions {"permissions":["cloudfunctions.functions.create","cloudfunctions.functions.delete","cloudfunctions.functions.get","cloudfunctions.functions.list","cloudfunctions.functions.update","cloudfunctions.operations.get","firebase.projects.get","firebasehosting.sites.update",null]}
[debug] [2025-07-24T16:10:17.494Z] <<< [apiv2][status] POST https://cloudresourcemanager.googleapis.com/v1/projects/sdhan-suite:testIamPermissions 200
[debug] [2025-07-24T16:10:17.495Z] <<< [apiv2][body] POST https://cloudresourcemanager.googleapis.com/v1/projects/sdhan-suite:testIamPermissions {"permissions":["cloudfunctions.functions.create","cloudfunctions.functions.delete","cloudfunctions.functions.get","cloudfunctions.functions.list","cloudfunctions.functions.update","cloudfunctions.operations.get","firebase.projects.get","firebasehosting.sites.update"]}
[debug] [2025-07-24T16:10:17.496Z] [iam] error while checking permissions, command may fail: Authorization failed. This account is missing the following required permissions on project sdhan-suite:

  
[debug] [2025-07-24T16:10:17.496Z] No OAuth tokens found
[debug] [2025-07-24T16:10:17.496Z] No OAuth tokens found
[debug] [2025-07-24T16:10:17.497Z] > command requires scopes: ["email","openid","https://www.googleapis.com/auth/cloudplatformprojects.readonly","https://www.googleapis.com/auth/firebase","https://www.googleapis.com/auth/cloud-platform"]
[debug] [2025-07-24T16:10:17.497Z] > authorizing via signed-in user (shivbodhavikalp@gmail.com)
[debug] [2025-07-24T16:10:17.497Z] >>> [apiv2][query] POST https://iam.googleapis.com/v1/projects/sdhan-suite/serviceAccounts/sdhan-suite@appspot.gserviceaccount.com:testIamPermissions [none]
[debug] [2025-07-24T16:10:17.497Z] >>> [apiv2][body] POST https://iam.googleapis.com/v1/projects/sdhan-suite/serviceAccounts/sdhan-suite@appspot.gserviceaccount.com:testIamPermissions {"permissions":["iam.serviceAccounts.actAs"]}
[debug] [2025-07-24T16:10:18.550Z] <<< [apiv2][status] POST https://iam.googleapis.com/v1/projects/sdhan-suite/serviceAccounts/sdhan-suite@appspot.gserviceaccount.com:testIamPermissions 404
[debug] [2025-07-24T16:10:18.550Z] <<< [apiv2][body] POST https://iam.googleapis.com/v1/projects/sdhan-suite/serviceAccounts/sdhan-suite@appspot.gserviceaccount.com:testIamPermissions {"error":{"code":404,"message":"Unknown service account","status":"NOT_FOUND"}}
[debug] [2025-07-24T16:10:18.551Z] [functions] service account IAM check errored, deploy may fail: Request to https://iam.googleapis.com/v1/projects/sdhan-suite/serviceAccounts/sdhan-suite@appspot.gserviceaccount.com:testIamPermissions had HTTP Error: 404, Unknown service account {"name":"FirebaseError","children":[],"context":{"body":{"error":{"code":404,"message":"Unknown service account","status":"NOT_FOUND"}},"response":{"statusCode":404}},"exit":1,"message":"Request to https://iam.googleapis.com/v1/projects/sdhan-suite/serviceAccounts/sdhan-suite@appspot.gserviceaccount.com:testIamPermissions had HTTP Error: 404, Unknown service account","status":404}
[debug] [2025-07-24T16:10:18.556Z] No OAuth tokens found
[debug] [2025-07-24T16:10:18.556Z] No OAuth tokens found
[debug] [2025-07-24T16:10:18.556Z] > command requires scopes: ["email","openid","https://www.googleapis.com/auth/cloudplatformprojects.readonly","https://www.googleapis.com/auth/firebase","https://www.googleapis.com/auth/cloud-platform"]
[debug] [2025-07-24T16:10:18.556Z] > authorizing via signed-in user (shivbodhavikalp@gmail.com)
[debug] [2025-07-24T16:10:18.557Z] >>> [apiv2][query] GET https://firebase.googleapis.com/v1beta1/projects/sdhan-suite [none]
[debug] [2025-07-24T16:10:18.818Z] <<< [apiv2][status] GET https://firebase.googleapis.com/v1beta1/projects/sdhan-suite 200
[debug] [2025-07-24T16:10:18.818Z] <<< [apiv2][body] GET https://firebase.googleapis.com/v1beta1/projects/sdhan-suite {"projectId":"sdhan-suite","projectNumber":"540744813374","displayName":"Sdhan Suite","name":"projects/sdhan-suite","resources":{"hostingSite":"sdhan-suite","realtimeDatabaseInstance":"sdhan-suite-default-rtdb"},"state":"ACTIVE","etag":"1_4112bd39-1fed-43d9-9fdc-fe53348e9324"}
[debug] [2025-07-24T16:10:21.307Z] defaultcredentials: no credential available.
[debug] [2025-07-24T16:10:21.308Z] No OAuth tokens found
[debug] [2025-07-24T16:10:21.308Z] No OAuth tokens found
[debug] [2025-07-24T16:10:21.308Z] > command requires scopes: ["email","openid","https://www.googleapis.com/auth/cloudplatformprojects.readonly","https://www.googleapis.com/auth/firebase","https://www.googleapis.com/auth/cloud-platform"]
[debug] [2025-07-24T16:10:21.308Z] > authorizing via signed-in user (shivbodhavikalp@gmail.com)
[debug] [2025-07-24T16:10:21.309Z] >>> [apiv2][query] GET https://firebasehosting.googleapis.com/v1beta1/projects/sdhan-suite/sites pageToken=&pageSize=10
[debug] [2025-07-24T16:10:21.766Z] <<< [apiv2][status] GET https://firebasehosting.googleapis.com/v1beta1/projects/sdhan-suite/sites 200
[debug] [2025-07-24T16:10:21.767Z] <<< [apiv2][body] GET https://firebasehosting.googleapis.com/v1beta1/projects/sdhan-suite/sites {"sites":[{"name":"projects/sdhan-suite/sites/sdhan-suite","defaultUrl":"https://sdhan-suite.web.app","appId":"1:540744813374:web:09b82f9abdafc8ea1efa6f","type":"DEFAULT_SITE"}]}
[debug] [2025-07-24T16:10:21.770Z] No OAuth tokens found
[debug] [2025-07-24T16:10:21.772Z] No OAuth tokens found
[debug] [2025-07-24T16:10:21.772Z] > command requires scopes: ["email","openid","https://www.googleapis.com/auth/cloudplatformprojects.readonly","https://www.googleapis.com/auth/firebase","https://www.googleapis.com/auth/cloud-platform"]
[debug] [2025-07-24T16:10:21.772Z] > authorizing via signed-in user (shivbodhavikalp@gmail.com)
[debug] [2025-07-24T16:10:21.773Z] >>> [apiv2][query] GET https://firebase.googleapis.com/v1beta1/projects/-/webApps/1:540744813374:web:09b82f9abdafc8ea1efa6f/config [none]
[debug] [2025-07-24T16:10:22.818Z] <<< [apiv2][status] GET https://firebase.googleapis.com/v1beta1/projects/-/webApps/1:540744813374:web:09b82f9abdafc8ea1efa6f/config 200
[debug] [2025-07-24T16:10:22.819Z] <<< [apiv2][body] GET https://firebase.googleapis.com/v1beta1/projects/-/webApps/1:540744813374:web:09b82f9abdafc8ea1efa6f/config {"projectId":"sdhan-suite","appId":"1:540744813374:web:09b82f9abdafc8ea1efa6f","databaseURL":"https://sdhan-suite-default-rtdb.firebaseio.com","storageBucket":"sdhan-suite.firebasestorage.app","apiKey":"AIzaSyBGj2TGscv3kJgb0SC8ZS912ZtQ9pGIRcM","authDomain":"sdhan-suite.firebaseapp.com","messagingSenderId":"540744813374","measurementId":"G-6S4EV301MV"}
[info] 
   Thank you for trying our early preview of Next.js support on Firebase Hosting.
   During the preview, support is best-effort and breaking changes can be expected. Proceed with caution.

   Documentation: https://firebase.google.com/docs/hosting/frameworks/nextjs
   File a bug: https://github.com/firebase/firebase-tools/issues/new?template=bug_report.md
   Submit a feature request: https://github.com/firebase/firebase-tools/issues/new?template=feature_request.md

   We'd love to learn from you. Express your interest in helping us shape the future of Firebase Hosting: https://goo.gle/41enW5X

[debug] [2025-07-24T16:10:28.775Z] No OAuth tokens found
[debug] [2025-07-24T16:10:28.777Z] No OAuth tokens found
[debug] [2025-07-24T16:10:28.777Z] > command requires scopes: ["email","openid","https://www.googleapis.com/auth/cloudplatformprojects.readonly","https://www.googleapis.com/auth/firebase","https://www.googleapis.com/auth/cloud-platform"]
[debug] [2025-07-24T16:10:28.777Z] > authorizing via signed-in user (shivbodhavikalp@gmail.com)
[debug] [2025-07-24T16:10:28.777Z] >>> [apiv2][query] GET https://firebasehosting.googleapis.com/v1beta1/projects/sdhan-suite/sites/sdhan-suite [none]
[debug] [2025-07-24T16:10:29.102Z] <<< [apiv2][status] GET https://firebasehosting.googleapis.com/v1beta1/projects/sdhan-suite/sites/sdhan-suite 200
[debug] [2025-07-24T16:10:29.102Z] <<< [apiv2][body] GET https://firebasehosting.googleapis.com/v1beta1/projects/sdhan-suite/sites/sdhan-suite {"name":"projects/sdhan-suite/sites/sdhan-suite","defaultUrl":"https://sdhan-suite.web.app","appId":"1:540744813374:web:09b82f9abdafc8ea1efa6f","type":"DEFAULT_SITE"}
[info]   ▲ Next.js 14.2.3

[info]   - Environments: .env.local, .env


[info]    Creating an optimized production build ...

[info]  ⚠ Compiled with warnings


[info] ./node_modules/@opentelemetry/sdk-node/build/src/TracerProviderWithEnvExporter.js
Module not found: Can't resolve '@opentelemetry/exporter-jaeger' in '/home/user/studio/node_modules/@opentelemetry/sdk-node/build/src'

Import trace for requested module:
./node_modules/@opentelemetry/sdk-node/build/src/TracerProviderWithEnvExporter.js
./node_modules/@opentelemetry/sdk-node/build/src/sdk.js
./node_modules/@opentelemetry/sdk-node/build/src/index.js
./node_modules/@genkit-ai/core/lib/tracing.js
./node_modules/genkit/lib/tracing.js
./node_modules/genkit/lib/genkit.js
./node_modules/genkit/lib/index.mjs
./src/ai/genkit.ts
./src/ai/flows/panchang-generator-flow.ts

./node_modules/handlebars/lib/index.js
require.extensions is not supported by webpack. Use a loader instead.

Import trace for requested module:
./node_modules/handlebars/lib/index.js
./node_modules/dotprompt/dist/index.js
./node_modules/@genkit-ai/core/lib/registry.js
./node_modules/genkit/lib/registry.js
./node_modules/genkit/lib/genkit.js
./node_modules/genkit/lib/index.mjs
./src/ai/genkit.ts
./src/ai/flows/panchang-generator-flow.ts

./node_modules/handlebars/lib/index.js
require.extensions is not supported by webpack. Use a loader instead.

Import trace for requested module:
./node_modules/handlebars/lib/index.js
./node_modules/dotprompt/dist/index.js
./node_modules/@genkit-ai/core/lib/registry.js
./node_modules/genkit/lib/registry.js
./node_modules/genkit/lib/genkit.js
./node_modules/genkit/lib/index.mjs
./src/ai/genkit.ts
./src/ai/flows/panchang-generator-flow.ts

./node_modules/handlebars/lib/index.js
require.extensions is not supported by webpack. Use a loader instead.

Import trace for requested module:
./node_modules/handlebars/lib/index.js
./node_modules/dotprompt/dist/index.js
./node_modules/@genkit-ai/core/lib/registry.js
./node_modules/genkit/lib/registry.js
./node_modules/genkit/lib/genkit.js
./node_modules/genkit/lib/index.mjs
./src/ai/genkit.ts
./src/ai/flows/panchang-generator-flow.ts

./node_modules/require-in-the-middle/index.js
Critical dependency: require function is used in a way in which dependencies cannot be statically extracted

Import trace for requested module:
./node_modules/require-in-the-middle/index.js
./node_modules/@opentelemetry/instrumentation/build/esm/platform/node/instrumentation.js
./node_modules/@opentelemetry/instrumentation/build/esm/platform/node/index.js
./node_modules/@opentelemetry/instrumentation/build/esm/platform/index.js
./node_modules/@opentelemetry/instrumentation/build/esm/index.js
./node_modules/@opentelemetry/sdk-node/build/src/sdk.js
./node_modules/@opentelemetry/sdk-node/build/src/index.js
./node_modules/@genkit-ai/core/lib/tracing.js
./node_modules/genkit/lib/tracing.js
./node_modules/genkit/lib/genkit.js
./node_modules/genkit/lib/index.mjs
./src/ai/genkit.ts
./src/ai/flows/panchang-generator-flow.ts

./node_modules/@genkit-ai/core/lib/tracing.js
Module not found: Can't resolve '@genkit-ai/firebase' in '/home/user/studio/node_modules/@genkit-ai/core/lib'

Import trace for requested module:
./node_modules/@genkit-ai/core/lib/tracing.js
./node_modules/genkit/lib/tracing.js
./node_modules/genkit/lib/genkit.js
./node_modules/genkit/lib/index.mjs
./src/ai/genkit.ts
./src/ai/flows/panchang-generator-flow.ts


[info]  ✓ Compiled successfully

[info]    Linting and checking validity of types ...

[info] Failed to compile.


[info] ./src/components/sadhana/QuoteOfTheDay.tsx:5:51
Type error: Cannot find module '@/ai/flows/daily-wisdom-flow' or its corresponding type declarations.

  3 |
  4 | import { useState, useEffect } from 'react';
> 5 | import { getDailyWisdom, DailyWisdomOutput } from '@/ai/flows/daily-wisdom-flow';
    |                                                   ^
  6 | import { Skeleton } from '@/components/ui/skeleton';
  7 | import { Separator } from '@/components/ui/separator';
  8 |

[debug] [2025-07-24T16:11:07.252Z] Error: ENOENT: no such file or directory, open '/home/user/studio/.next/export-marker.json'
[error] 
[error] Error: An unexpected error has occurred.
